<?xml version="1.0" encoding="UTF-8"?>
<!-- Generated by org.testng.reporters.JUnitReportReporter -->
<testsuite hostname="LAPTOP-NO28IS1A" failures="0" tests="3" name="tests.test_1" time="225.805" errors="0" timestamp="2020-11-11T01:09:57 IST" skipped="0">
  <testcase classname="tests.test_1" name="ELTC_031" time="100.591"/>
  <system-out/>
  <testcase classname="tests.test_1" name="ELTC_032" time="108.132"/>
  <system-out/>
  <testcase classname="tests.test_1" name="ELTC_033" time="17.082"/>
  <system-out/>
</testsuite> <!-- tests.test_1 -->
